<?xml version="1.0" encoding="UTF-8"?>
<!-- Generated by org.testng.reporters.JUnitXMLReporter -->
<testsuite ignored="0" hostname="DESKTOP-DPB5V59" failures="0" tests="2" name="Default test" time="5.759" errors="0" timestamp="2022-02-06T11:34:50 CET">
  <testcase classname="com.capmo.qa.testcases.CapmoLoginTest" name="verifyHomePageTitleTest" time="0.061"/>
  <testcase classname="com.capmo.qa.testcases.CapmoLoginTest" name="verifyLoginWithValidCredentials" time="0.585"/>
</testsuite> <!-- Default test -->
