<?xml version="1.0" encoding="UTF-8"?>
<!-- Generated by org.testng.reporters.JUnitXMLReporter -->
<testsuite ignored="0" hostname="DESKTOP-DPB5V59" failures="0" tests="3" name="Default test" time="18.301" errors="0" timestamp="2022-02-07T16:51:51 CET">
  <testcase classname="com.capmo.qa.testcases.CapmoLoginTest" name="verifyHomePageTitleTest" time="0.062"/>
  <testcase classname="com.capmo.qa.testcases.CapmoLoginTest" name="verifyLoginWithInValidCredentials" time="0.271"/>
  <testcase classname="com.capmo.qa.testcases.CapmoLoginTest" name="verifyLoginWithValidCredentials" time="0.347"/>
</testsuite> <!-- Default test -->
