<?xml version="1.0" encoding="UTF-8"?>
<testng-results ignored="0" total="2" passed="2" failed="0" skipped="0">
  <reporter-output>
  </reporter-output>
  <suite started-at="2022-02-06T11:34:44 CET" name="Default suite" finished-at="2022-02-06T11:34:50 CET" duration-ms="5759">
    <groups>
    </groups>
    <test started-at="2022-02-06T11:34:44 CET" name="Default test" finished-at="2022-02-06T11:34:50 CET" duration-ms="5759">
      <class name="com.capmo.qa.testcases.CapmoLoginTest">
        <test-method is-config="true" signature="setUp()[pri:0, instance:com.capmo.qa.testcases.CapmoLoginTest@1e683a3e]" started-at="2022-02-06T11:34:44 CET" name="setUp" finished-at="2022-02-06T11:34:48 CET" duration-ms="4230" status="PASS">
          <reporter-output>
          </reporter-output>
        </test-method> <!-- setUp -->
        <test-method signature="verifyHomePageTitleTest()[pri:1, instance:com.capmo.qa.testcases.CapmoLoginTest@1e683a3e]" started-at="2022-02-06T11:34:48 CET" name="verifyHomePageTitleTest" finished-at="2022-02-06T11:34:48 CET" duration-ms="61" status="PASS">
          <reporter-output>
          </reporter-output>
        </test-method> <!-- verifyHomePageTitleTest -->
        <test-method signature="verifyLoginWithValidCredentials()[pri:1, instance:com.capmo.qa.testcases.CapmoLoginTest@1e683a3e]" started-at="2022-02-06T11:34:48 CET" name="verifyLoginWithValidCredentials" finished-at="2022-02-06T11:34:49 CET" duration-ms="585" status="PASS">
          <reporter-output>
          </reporter-output>
        </test-method> <!-- verifyLoginWithValidCredentials -->
        <test-method is-config="true" signature="tearDown()[pri:0, instance:com.capmo.qa.testcases.CapmoLoginTest@1e683a3e]" started-at="2022-02-06T11:34:49 CET" name="tearDown" finished-at="2022-02-06T11:34:50 CET" duration-ms="817" status="PASS">
          <reporter-output>
          </reporter-output>
        </test-method> <!-- tearDown -->
      </class> <!-- com.capmo.qa.testcases.CapmoLoginTest -->
    </test> <!-- Default test -->
  </suite> <!-- Default suite -->
</testng-results>
