<?xml version="1.0" encoding="UTF-8"?>
<testng-results ignored="0" total="3" passed="3" failed="0" skipped="0">
  <reporter-output>
  </reporter-output>
  <suite started-at="2022-02-07T16:51:33 CET" name="Default suite" finished-at="2022-02-07T16:51:51 CET" duration-ms="18301">
    <groups>
    </groups>
    <test started-at="2022-02-07T16:51:33 CET" name="Default test" finished-at="2022-02-07T16:51:51 CET" duration-ms="18301">
      <class name="com.capmo.qa.testcases.CapmoLoginTest">
        <test-method is-config="true" signature="setUp()[pri:0, instance:com.capmo.qa.testcases.CapmoLoginTest@693fe6c9]" started-at="2022-02-07T16:51:33 CET" name="setUp" finished-at="2022-02-07T16:51:39 CET" duration-ms="5939" status="PASS">
          <reporter-output>
          </reporter-output>
        </test-method> <!-- setUp -->
        <test-method signature="verifyHomePageTitleTest()[pri:0, instance:com.capmo.qa.testcases.CapmoLoginTest@693fe6c9]" started-at="2022-02-07T16:51:39 CET" name="verifyHomePageTitleTest" finished-at="2022-02-07T16:51:39 CET" duration-ms="62" status="PASS">
          <reporter-output>
          </reporter-output>
        </test-method> <!-- verifyHomePageTitleTest -->
        <test-method is-config="true" signature="tearDown()[pri:0, instance:com.capmo.qa.testcases.CapmoLoginTest@693fe6c9]" started-at="2022-02-07T16:51:39 CET" name="tearDown" finished-at="2022-02-07T16:51:40 CET" duration-ms="1005" status="PASS">
          <reporter-output>
          </reporter-output>
        </test-method> <!-- tearDown -->
        <test-method is-config="true" signature="setUp()[pri:0, instance:com.capmo.qa.testcases.CapmoLoginTest@693fe6c9]" started-at="2022-02-07T16:51:40 CET" name="setUp" finished-at="2022-02-07T16:51:44 CET" duration-ms="4667" status="PASS">
          <reporter-output>
          </reporter-output>
        </test-method> <!-- setUp -->
        <test-method signature="verifyLoginWithInValidCredentials()[pri:0, instance:com.capmo.qa.testcases.CapmoLoginTest@693fe6c9]" started-at="2022-02-07T16:51:44 CET" name="verifyLoginWithInValidCredentials" finished-at="2022-02-07T16:51:45 CET" duration-ms="271" status="PASS">
          <reporter-output>
          </reporter-output>
        </test-method> <!-- verifyLoginWithInValidCredentials -->
        <test-method is-config="true" signature="tearDown()[pri:0, instance:com.capmo.qa.testcases.CapmoLoginTest@693fe6c9]" started-at="2022-02-07T16:51:45 CET" name="tearDown" finished-at="2022-02-07T16:51:45 CET" duration-ms="717" status="PASS">
          <reporter-output>
          </reporter-output>
        </test-method> <!-- tearDown -->
        <test-method is-config="true" signature="setUp()[pri:0, instance:com.capmo.qa.testcases.CapmoLoginTest@693fe6c9]" started-at="2022-02-07T16:51:45 CET" name="setUp" finished-at="2022-02-07T16:51:50 CET" duration-ms="4525" status="PASS">
          <reporter-output>
          </reporter-output>
        </test-method> <!-- setUp -->
        <test-method signature="verifyLoginWithValidCredentials()[pri:0, instance:com.capmo.qa.testcases.CapmoLoginTest@693fe6c9]" started-at="2022-02-07T16:51:50 CET" name="verifyLoginWithValidCredentials" finished-at="2022-02-07T16:51:50 CET" duration-ms="347" status="PASS">
          <reporter-output>
          </reporter-output>
        </test-method> <!-- verifyLoginWithValidCredentials -->
        <test-method is-config="true" signature="tearDown()[pri:0, instance:com.capmo.qa.testcases.CapmoLoginTest@693fe6c9]" started-at="2022-02-07T16:51:50 CET" name="tearDown" finished-at="2022-02-07T16:51:51 CET" duration-ms="697" status="PASS">
          <reporter-output>
          </reporter-output>
        </test-method> <!-- tearDown -->
      </class> <!-- com.capmo.qa.testcases.CapmoLoginTest -->
    </test> <!-- Default test -->
  </suite> <!-- Default suite -->
</testng-results>
